Build started 21/12/2020 10:37:03 PM.
     1>Project "D:\FAST\Semester 03\Data Structures\Assignments\CS218-DS-Assignments\Assignment 04\Assignment 04\Assignment 04.vcxproj" on node 2 (Build target(s)).
     1>ClCompile:
         C:\Program Files (x86)\Microsoft Visual Studio 11.0\VC\bin\CL.exe /c /ZI /nologo /W3 /WX- /Od /Oy- /D _MBCS /Gm /EHsc /RTC1 /MDd /GS /fp:precise /Zc:wchar_t /Zc:forScope /Fo"Debug\\" /Fd"Debug\vc110.pdb" /Gd /TP /analyze- /errorReport:prompt main.cpp
         main.cpp
     1>d:\fast\semester 03\data structures\assignments\cs218-ds-assignments\assignment 04\assignment 04\main.cpp(382): warning C4172: returning address of local variable or temporary
     1>d:\fast\semester 03\data structures\assignments\cs218-ds-assignments\assignment 04\assignment 04\main.cpp(493): warning C4172: returning address of local variable or temporary
     1>d:\fast\semester 03\data structures\assignments\cs218-ds-assignments\assignment 04\assignment 04\main.cpp(878): warning C4996: 'strcpy': This function or variable may be unsafe. Consider using strcpy_s instead. To disable deprecation, use _CRT_SECURE_NO_WARNINGS. See online help for details.
                 c:\program files (x86)\microsoft visual studio 11.0\vc\include\string.h(110) : see declaration of 'strcpy'
     1>d:\fast\semester 03\data structures\assignments\cs218-ds-assignments\assignment 04\assignment 04\main.cpp(280): warning C4172: returning address of local variable or temporary
                 d:\fast\semester 03\data structures\assignments\cs218-ds-assignments\assignment 04\assignment 04\main.cpp(277) : while compiling class template member function 'List<t>::Iterator &List<t>::get(const t &)'
                 with
                 [
                     t=DocInfo
                 ]
                 d:\fast\semester 03\data structures\assignments\cs218-ds-assignments\assignment 04\assignment 04\main.cpp(400) : see reference to function template instantiation 'List<t>::Iterator &List<t>::get(const t &)' being compiled
                 with
                 [
                     t=DocInfo
                 ]
                 d:\fast\semester 03\data structures\assignments\cs218-ds-assignments\assignment 04\assignment 04\main.cpp(355) : see reference to class template instantiation 'List<t>' being compiled
                 with
                 [
                     t=DocInfo
                 ]
     1>d:\fast\semester 03\data structures\assignments\cs218-ds-assignments\assignment 04\assignment 04\main.cpp(283): warning C4172: returning address of local variable or temporary
       Link:
         C:\Program Files (x86)\Microsoft Visual Studio 11.0\VC\bin\link.exe /ERRORREPORT:PROMPT /OUT:"D:\FAST\Semester 03\Data Structures\Assignments\CS218-DS-Assignments\Assignment 04\Debug\Assignment 04.exe" /INCREMENTAL /NOLOGO kernel32.lib user32.lib gdi32.lib winspool.lib comdlg32.lib advapi32.lib shell32.lib ole32.lib oleaut32.lib uuid.lib odbc32.lib odbccp32.lib /MANIFEST /MANIFESTUAC:"level='asInvoker' uiAccess='false'" /manifest:embed /DEBUG /PDB:"D:\FAST\Semester 03\Data Structures\Assignments\CS218-DS-Assignments\Assignment 04\Debug\Assignment 04.pdb" /TLBID:1 /DYNAMICBASE /NXCOMPAT /IMPLIB:"D:\FAST\Semester 03\Data Structures\Assignments\CS218-DS-Assignments\Assignment 04\Debug\Assignment 04.lib" /MACHINE:X86 Debug\main.obj
         Assignment 04.vcxproj -> D:\FAST\Semester 03\Data Structures\Assignments\CS218-DS-Assignments\Assignment 04\Debug\Assignment 04.exe
     1>Done Building Project "D:\FAST\Semester 03\Data Structures\Assignments\CS218-DS-Assignments\Assignment 04\Assignment 04\Assignment 04.vcxproj" (Build target(s)).

Build succeeded.

Time Elapsed 00:00:02.83
